e:\wewa\sync google\kuliah\semester 5\grafika komputer\tugas\tugas1\grafika komputer dan visualisasi\vs\tugas1\debug\vc142.pdb
e:\wewa\sync google\kuliah\semester 5\grafika komputer\tugas\tugas1\grafika komputer dan visualisasi\vs\tugas1\debug\vc142.idb
e:\wewa\sync google\kuliah\semester 5\grafika komputer\tugas\tugas1\grafika komputer dan visualisasi\vs\tugas1\debug\glad.obj
e:\wewa\sync google\kuliah\semester 5\grafika komputer\tugas\tugas1\grafika komputer dan visualisasi\vs\tugas1\debug\renderengine.obj
e:\wewa\sync google\kuliah\semester 5\grafika komputer\tugas\tugas1\grafika komputer dan visualisasi\vs\tugas1\debug\demo.obj
e:\wewa\sync google\kuliah\semester 5\grafika komputer\tugas\tugas1\vs\tugas1\debug\vc142.pdb
e:\wewa\sync google\kuliah\semester 5\grafika komputer\tugas\tugas1\vs\tugas1\debug\vc142.idb
e:\wewa\sync google\kuliah\semester 5\grafika komputer\tugas\tugas1\vs\tugas1\debug\glad.obj
e:\wewa\sync google\kuliah\semester 5\grafika komputer\tugas\tugas1\vs\tugas1\debug\renderengine.obj
e:\wewa\sync google\kuliah\semester 5\grafika komputer\tugas\tugas1\vs\tugas1\debug\demo.obj
e:\wewa\sync google\kuliah\semester 5\grafika komputer\tugas\tugas1\grafika komputer dan visualisasi\vs\tugas1\debug\lesson03.ilk
e:\wewa\sync google\kuliah\semester 5\grafika komputer\tugas\tugas1\grafika komputer dan visualisasi\vs\tugas1\debug\lesson03.exe
e:\wewa\sync google\kuliah\semester 5\grafika komputer\tugas\tugas1\grafika komputer dan visualisasi\vs\tugas1\debug\lesson03.pdb
e:\wewa\sync google\kuliah\semester 5\grafika komputer\tugas\tugas1\vs\tugas1\debug\lesson03.exe
e:\wewa\sync google\kuliah\semester 5\grafika komputer\tugas\tugas1\vs\tugas1\debug\lesson03.ilk
e:\wewa\sync google\kuliah\semester 5\grafika komputer\tugas\tugas1\vs\tugas1\debug\lesson03.pdb
e:\wewa\sync google\kuliah\semester 5\grafika komputer\tugas\tugas1\vs\tugas1\debug\lesson03.tlog\cl.command.1.tlog
e:\wewa\sync google\kuliah\semester 5\grafika komputer\tugas\tugas1\vs\tugas1\debug\lesson03.tlog\cl.read.1.tlog
e:\wewa\sync google\kuliah\semester 5\grafika komputer\tugas\tugas1\vs\tugas1\debug\lesson03.tlog\cl.write.1.tlog
e:\wewa\sync google\kuliah\semester 5\grafika komputer\tugas\tugas1\vs\tugas1\debug\lesson03.tlog\link.command.1.tlog
e:\wewa\sync google\kuliah\semester 5\grafika komputer\tugas\tugas1\vs\tugas1\debug\lesson03.tlog\link.read.1.tlog
e:\wewa\sync google\kuliah\semester 5\grafika komputer\tugas\tugas1\vs\tugas1\debug\lesson03.tlog\link.write.1.tlog
